FILE		RETRY	DATE
project/3749s	Failure: 	504	
project/357k9	Failure: 	504	
project/2c9ke	Failure: 	504	
project/2kfya	Failure: 	504	
project/2sq3u	Failure: 	504	
project/bf6k4	Failure: 	504	
project/bqadg	Failure: 	504	
project/b53ku	Failure: 	504	
project/bnztq	Failure: 	504	
project/bt5ve	Failure: 	504	
project/b3x7m	Failure: 	504	
project/mj8t5	Failure: 	504	
project/nrh98	Failure: 	504	
project/r96e5	Failure: 	504	
project/rh6fb	Failure: 	504	
project/rzskd	Failure: 	504	
project/s6ydj	Failure: 	504	
project/smz65	Failure: 	500	
project/yd3kr	Failure: 	500	
project/3czhs	Failure: 	504	
project/3gft7	Failure: 	504	
project/42bkp	Failure: 	504	
project/43qsy	Failure: 	504	
project/3k5xm	Failure: 	504	
project/bt5ve	Failure: 	504	
project/c5gzw	Failure: 	504	
project/cqsu6	Failure: 	504	
project/bf6k4	Failure: 	504	
project/d9bq6	Failure: 	504	
project/cu6fk	Failure: 	504	
project/d67se	Failure: 	504	
project/crnmj	Failure: 	504	
project/smz65	Failure: 	504	
project/snrwd	Failure: 	504	
project/sjqau	Failure: 	504	
project/tdehc	Failure: 	504	
project/tncp9	Failure: 	504	
project/v37gz	Failure: 	504	
project/tneqa	Failure: 	504	
project/ut7zx	Failure: 	504	
project/yd3kr	Failure: 	500	
project/5hrxg	Failure: 	504	
project/6gm2d	Failure: 	504	
project/8jap9	Failure: 	504	
project/6rnt5	Failure: 	504	
project/8jrev	Failure: 	504	
project/5qvm3	Failure: 	504	
project/et72m	Failure: 	504	
project/eud2q	Failure: 	504	
project/eyrn3	Failure: 	504	
project/gw8td	Failure: 	504	
project/htuzg	Failure: 	504	
project/smz65	Failure: 	500	
project/ut7zx	Failure: 	504	
project/v37gz	Failure: 	504	
project/wjvqg	Failure: 	504	
project/wsyhb	Failure: 	504	
project/wx3c8	Failure: 	504	
project/yd3kr	Failure: 	500	
