FILE		RETRY	DATE
project/3k5xm	Success: 	200	
project/42bkp	Success: 	200	
project/3btvx	Success: 	200	
project/3czhs	Success: 	200	
project/3gft7	Success: 	200	
project/45r3y	Success: 	200	
project/4embk	Success: 	200	
project/43qsy	Success: 	200	
project/4vyhn	Success: 	200	
project/58tje	Success: 	200	
project/5qvm3	Success: 	200	
project/5hrxg	Success: 	200	
project/5d8zc	Success: 	200	
project/6gm2d	Success: 	200	
project/6rnt5	Success: 	200	
project/8jrev	Success: 	200	
project/8jap9	Success: 	200	
project/8namr	Success: 	200	
project/8vj59	Success: 	200	
project/95aqp	Success: 	200	
project/9hzqf	Success: 	200	
project/9bc6m	Success: 	200	
project/9njhs	Success: 	200	
project/9nwxv	Success: 	200	
project/a9rpt	Success: 	200	
project/aqdx2	Success: 	200	
project/aqtvs	Success: 	200	
project/abfnx	Success: 	200	
project/crnmj	Success: 	200	
project/cqsu6	Success: 	200	
project/d67se	Success: 	200	
project/cu6fk	Success: 	200	
project/c5gzw	Success: 	200	
project/d9bq6	Success: 	200	
project/erp3j	Success: 	200	
project/dfe4c	Success: 	200	
project/eds2x	Success: 	200	
project/et72m	Success: 	200	
project/eyrn3	Success: 	200	
project/eud2q	Success: 	200	
project/jast6	Success: 	200	
project/gw8td	Success: 	200	
project/htuzg	Success: 	200	
project/jfe94	Success: 	200	
project/jpr9x	Success: 	200	
project/k7tyf	Success: 	200	
project/jt4hc	Success: 	200	
project/k4b5v	Success: 	200	
project/kscwm	Success: 	200	
project/kgq73	Success: 	200	
project/m26ej	Success: 	200	
project/kvj75	Success: 	200	
project/m4z6g	Success: 	200	
project/mfn6r	Success: 	200	
project/s8cvd	Success: 	200	
project/sjqau	Success: 	200	
project/snrwd	Success: 	200	
project/tdehc	Success: 	200	
project/tncp9	Success: 	200	
project/tneqa	Success: 	200	
project/ut7zx	Success: 	200	
project/v37gz	Success: 	200	
project/wjvqg	Success: 	200	
project/wsyhb	Success: 	200	
project/wx3c8	Success: 	200	
project/xvrwj	Success: 	200	
project/wz2uv	Success: 	200	
project/xcbzk	Success: 	200	
project/y9ckz	Success: 	200	
project/zb74t	Success: 	200	
project/ywjk5	Success: 	200	
project/znpd5	Success: 	200	
project/2c9ke	Success: 	200	
project/2kfya	Success: 	200	
project/357k9	Success: 	200	
project/2sq3u	Success: 	200	
project/3749s	Success: 	200	
project/3btvx	Success: 	200	
project/45r3y	Success: 	200	
project/4embk	Success: 	200	
project/4vyhn	Success: 	200	
project/58tje	Success: 	200	
project/5d8zc	Success: 	200	
project/5hrxg	Success: 	200	
project/5qvm3	Success: 	200	
project/6gm2d	Success: 	200	
project/6rnt5	Success: 	200	
project/8jap9	Success: 	200	
project/8jrev	Success: 	200	
project/8namr	Success: 	200	
project/8vj59	Success: 	200	
project/95aqp	Success: 	200	
project/9bc6m	Success: 	200	
project/9hzqf	Success: 	200	
project/9njhs	Success: 	200	
project/9nwxv	Success: 	200	
project/a9rpt	Success: 	200	
project/abfnx	Success: 	200	
project/aqtvs	Success: 	200	
project/aqdx2	Success: 	200	
project/b3x7m	Success: 	200	
project/b53ku	Success: 	200	
project/bnztq	Success: 	200	
project/bqadg	Success: 	200	
project/dfe4c	Success: 	200	
project/erp3j	Success: 	200	
project/et72m	Success: 	200	
project/eud2q	Success: 	200	
project/eds2x	Success: 	200	
project/eyrn3	Success: 	200	
project/gw8td	Success: 	200	
project/htuzg	Success: 	200	
project/jast6	Success: 	200	
project/jfe94	Success: 	200	
project/k7tyf	Success: 	200	
project/k4b5v	Success: 	200	
project/jpr9x	Success: 	200	
project/jt4hc	Success: 	200	
project/kgq73	Success: 	200	
project/kscwm	Success: 	200	
project/kvj75	Success: 	200	
project/m4z6g	Success: 	200	
project/m26ej	Success: 	200	
project/mfn6r	Success: 	200	
project/mj8t5	Success: 	200	
project/nrh98	Success: 	200	
project/r96e5	Success: 	200	
project/rh6fb	Success: 	200	
project/rzskd	Success: 	200	
project/s6ydj	Success: 	200	
project/s8cvd	Success: 	200	
project/wx3c8	Success: 	200	
project/wjvqg	Success: 	200	
project/wsyhb	Success: 	200	
project/wz2uv	Success: 	200	
project/xcbzk	Success: 	200	
project/xvrwj	Success: 	200	
project/y9ckz	Success: 	200	
project/ywjk5	Success: 	200	
project/znpd5	Success: 	200	
project/zb74t	Success: 	200	
project/2c9ke	Success: 	200	
project/2sq3u	Success: 	200	
project/2kfya	Success: 	200	
project/357k9	Success: 	200	
project/3749s	Success: 	200	
project/3btvx	Success: 	200	
project/3czhs	Success: 	200	
project/43qsy	Success: 	200	
project/3gft7	Success: 	200	
project/42bkp	Success: 	200	
project/3k5xm	Success: 	200	
project/45r3y	Success: 	200	
project/4embk	Success: 	200	
project/58tje	Success: 	200	
project/4vyhn	Success: 	200	
project/5d8zc	Success: 	200	
project/8namr	Success: 	200	
project/95aqp	Success: 	200	
project/9bc6m	Success: 	200	
project/8vj59	Success: 	200	
project/9hzqf	Success: 	200	
project/9njhs	Success: 	200	
project/9nwxv	Success: 	200	
project/a9rpt	Success: 	200	
project/abfnx	Success: 	200	
project/aqdx2	Success: 	200	
project/aqtvs	Success: 	200	
project/b3x7m	Success: 	200	
project/b53ku	Success: 	200	
project/bf6k4	Success: 	200	
project/bnztq	Success: 	200	
project/bqadg	Success: 	200	
project/bt5ve	Success: 	200	
project/c5gzw	Success: 	200	
project/cqsu6	Success: 	200	
project/crnmj	Success: 	200	
project/cu6fk	Success: 	200	
project/d9bq6	Success: 	200	
project/dfe4c	Success: 	200	
project/d67se	Success: 	200	
project/eds2x	Success: 	200	
project/erp3j	Success: 	200	
project/jpr9x	Success: 	200	
project/jast6	Success: 	200	
project/jt4hc	Success: 	200	
project/k4b5v	Success: 	200	
project/jfe94	Success: 	200	
project/k7tyf	Success: 	200	
project/kgq73	Success: 	200	
project/kscwm	Success: 	200	
project/kvj75	Success: 	200	
project/m26ej	Success: 	200	
project/m4z6g	Success: 	200	
project/mfn6r	Success: 	200	
project/mj8t5	Success: 	200	
project/nrh98	Success: 	200	
project/r96e5	Success: 	200	
project/rh6fb	Success: 	200	
project/rzskd	Success: 	200	
project/s6ydj	Success: 	200	
project/s8cvd	Success: 	200	
project/sjqau	Success: 	200	
project/snrwd	Success: 	200	
project/tdehc	Success: 	200	
project/tncp9	Success: 	200	
project/tneqa	Success: 	200	
project/xvrwj	Success: 	200	
project/wz2uv	Success: 	200	
project/xcbzk	Success: 	200	
project/y9ckz	Success: 	200	
project/ywjk5	Success: 	200	
project/znpd5	Success: 	200	
project/zb74t	Success: 	200	
